0000-00-00 	 00:00:00,000 	 INFO 	Kernel loaded
0000-00-00 	 00:00:00,000 	 INFO 	Detected 133692416 bytes of usable memory
0000-00-00 	 00:00:00,000 	 INFO 	Loaded the GDT
0000-00-00 	 00:00:00,000 	 INFO 	Loaded the IDT
0000-00-00 	 00:00:00,000 	 INFO 	Initialized the PIC
0000-00-00 	 00:00:00,000 	 INFO 	Initialized the PIT
0000-00-00 	 00:00:00,000 	 INFO 	Initialized the keyboard
0000-00-00 	 00:00:00,000 	 INFO 	Enabled interrupts
0000-00-00 	 00:00:00,000 	 INFO 	Switched to task "Task B"
0000-00-00 	 00:00:00,000 	 INFO 	Switched to task "Task A"
0000-00-00 	 00:00:00,000 	 INFO 	Switched to task "Task B"
0000-00-00 	 00:00:00,000 	 INFO 	Switched to task "Task A"
0000-00-00 	 00:00:00,000 	 INFO 	Switched to task "Task B"
0000-00-00 	 00:00:00,000 	 INFO 	Switched to task "Task A"
0000-00-00 	 00:00:00,000 	 INFO 	Switched to task "Task B"
0000-00-00 	 00:00:00,000 	 INFO 	Switched to task "Task A"
0000-00-00 	 00:00:00,000 	 INFO 	Switched to task "Task B"
0000-00-00 	 00:00:00,000 	 INFO 	Switched to task "Task A"
0000-00-00 	 00:00:00,000 	 INFO 	Switched to task "Task B"
0000-00-00 	 00:00:00,000 	 INFO 	Switched to task "Task A"
0000-00-00 	 00:00:00,000 	 INFO 	Switched to task "Task B"
0000-00-00 	 00:00:00,000 	 INFO 	Switched to task "Task A"
0000-00-00 	 00:00:00,000 	 INFO 	Switched to task "Task B"
0000-00-00 	 00:00:00,000 	 INFO 	Switched to task "Task A"
0000-00-00 	 00:00:00,000 	 INFO 	Switched to task "Task B"
0000-00-00 	 00:00:00,000 	 INFO 	Switched to task "Task A"
0000-00-00 	 00:00:00,000 	 INFO 	Switched to task "Task B"
0000-00-00 	 00:00:00,000 	 INFO 	Switched to task "Task A"
0000-00-00 	 00:00:00,000 	 INFO 	Switched to task "Task B"
0000-00-00 	 00:00:00,000 	 INFO 	Switched to task "Task A"
0000-00-00 	 00:00:00,000 	 INFO 	Switched to task "Task B"
0000-00-00 	 00:00:00,000 	 INFO 	Switched to task "Task A"
0000-00-00 	 00:00:00,000 	 INFO 	Switched to task "Task B"
0000-00-00 	 00:00:00,000 	 INFO 	Switched to task "Task A"
