0000-00-00 	 00:00:00,000 	 INFO 	Kernel loaded at address 0xc0101000 - 0xc021d000 (1163264 bytes long)
0000-00-00 	 00:00:00,000 	 INFO 	Memory block : address : 0x0 ; length : 654336
0000-00-00 	 00:00:00,000 	 INFO 	Memory block : address : 0x100000 ; length : 267255808
0000-00-00 	 00:00:00,000 	 INFO 	Detected 267910144 bytes of usable memory
0000-00-00 	 00:00:00,000 	 INFO 	Loaded the GDT
0000-00-00 	 00:00:00,000 	 INFO 	Loaded the IDT
0000-00-00 	 00:00:00,000 	 INFO 	Initialized the PIC
0000-00-00 	 00:00:00,000 	 INFO 	Initialized the PIT
0000-00-00 	 00:00:00,000 	 INFO 	Initialized the keyboard
0000-00-00 	 00:00:00,000 	 INFO 	Setting up paging
0000-00-00 	 00:00:00,000 	 INFO 	Enabled interrupts
0000-00-00 	 00:00:00,000 	 INFO 	First page after kernel : 0x21e000
0000-00-00 	 00:00:00,000 	 INFO 	Available pages : 64961
0000-00-00 	 00:00:00,000 	 INFO 	Usable memory : 266080256 bytes
0000-00-00 	 00:00:00,000 	 INFO 	Usable memory layout :
0000-00-00 	 00:00:00,000 	 INFO 	Block : 0x21e000 ; 64961 pages
0000-00-00 	 00:00:00,000 	 INFO 	page address : 0xc0220000
0000-00-00 	 00:00:00,000 	 INFO 	page 0 status : 0
0000-00-00 	 00:00:00,000 	 INFO 	page 1 status : 0
0000-00-00 	 00:00:00,000 	 INFO 	page 2 status : 0
0000-00-00 	 00:00:00,000 	 INFO 	page 3 status : 1
0000-00-00 	 00:00:00,000 	 INFO 	page 4 status : 1
0000-00-00 	 00:00:00,000 	 INFO 	page 5 status : 1
0000-00-00 	 00:00:00,000 	 INFO 	page 6 status : 1
0000-00-00 	 00:00:00,000 	 INFO 	page 7 status : 1
0000-00-00 	 00:00:00,000 	 INFO 	page 8 status : 1
0000-00-00 	 00:00:00,000 	 INFO 	page 9 status : 1
0000-00-00 	 00:00:00,000 	 INFO 	page 10 status : 1
0000-00-00 	 00:00:00,000 	 INFO 	page 11 status : 1
0000-00-00 	 00:00:00,000 	 INFO 	page 12 status : 1
0000-00-00 	 00:00:00,000 	 INFO 	page 13 status : 1
0000-00-00 	 00:00:00,000 	 INFO 	page 14 status : 1
0000-00-00 	 00:00:00,000 	 INFO 	page 15 status : 1
