0000-00-00 	 00:00:00,000 	 INFO 	Kernel loaded at address 0xc0101000 - 0xc011c000 (110592 bytes long)
0000-00-00 	 00:00:00,000 	 INFO 	Detected 4294441984 bytes of usable memory
0000-00-00 	 00:00:00,000 	 INFO 	Loaded the GDT
0000-00-00 	 00:00:00,000 	 INFO 	Loaded the IDT
0000-00-00 	 00:00:00,000 	 INFO 	Initialized the PIC
0000-00-00 	 00:00:00,000 	 INFO 	Initialized the PIT
0000-00-00 	 00:00:00,000 	 INFO 	Initialized the keyboard
0000-00-00 	 00:00:00,000 	 INFO 	Unmapping lower half
0000-00-00 	 00:00:00,000 	 INFO 	Enabled interrupts
0000-00-00 	 00:00:00,000 	 INFO 	Switched to task "Task B" (eip : 0xc010debc)
0000-00-00 	 00:00:00,000 	 INFO 	Switched to task "Task A" (eip : 0xc0102ff9)
0000-00-00 	 00:00:00,000 	 INFO 	Switched to task "Task B" (eip : 0xc0103749)
0000-00-00 	 00:00:00,000 	 INFO 	Switched to task "Task A" (eip : 0xc0102ff9)
0000-00-00 	 00:00:00,000 	 INFO 	Switched to task "Task B" (eip : 0xc0103749)
0000-00-00 	 00:00:00,000 	 INFO 	Switched to task "Task A" (eip : 0xc0102ff9)
0000-00-00 	 00:00:00,000 	 INFO 	Switched to task "Task B" (eip : 0xc0103749)
0000-00-00 	 00:00:00,000 	 INFO 	Switched to task "Task A" (eip : 0xc0102ff9)
0000-00-00 	 00:00:00,000 	 INFO 	Switched to task "Task B" (eip : 0xc0103749)
0000-00-00 	 00:00:00,000 	 INFO 	Switched to task "Task A" (eip : 0xc0102ff9)
0000-00-00 	 00:00:00,000 	 INFO 	Switched to task "Task B" (eip : 0xc0103749)
0000-00-00 	 00:00:00,000 	 INFO 	Switched to task "Task A" (eip : 0xc0102ff9)
0000-00-00 	 00:00:00,000 	 INFO 	Switched to task "Task B" (eip : 0xc0103749)
0000-00-00 	 00:00:00,000 	 INFO 	Switched to task "Task A" (eip : 0xc0102ff9)
0000-00-00 	 00:00:00,000 	 INFO 	Switched to task "Task B" (eip : 0xc0103749)
0000-00-00 	 00:00:00,000 	 INFO 	Switched to task "Task A" (eip : 0xc0102ff9)
0000-00-00 	 00:00:00,000 	 INFO 	Switched to task "Task B" (eip : 0xc0103749)
0000-00-00 	 00:00:00,000 	 INFO 	Switched to task "Task A" (eip : 0xc0102ff9)
0000-00-00 	 00:00:00,000 	 INFO 	Switched to task "Task B" (eip : 0xc0103749)
0000-00-00 	 00:00:00,000 	 INFO 	Switched to task "Task A" (eip : 0xc0102ff9)
0000-00-00 	 00:00:00,000 	 INFO 	Switched to task "Task B" (eip : 0xc0103749)
0000-00-00 	 00:00:00,000 	 INFO 	Switched to task "Task A" (eip : 0xc0102ff9)
0000-00-00 	 00:00:00,000 	 INFO 	Switched to task "Task B" (eip : 0xc0103749)
0000-00-00 	 00:00:00,000 	 INFO 	Switched to task "Task A" (eip : 0xc0102ff9)
0000-00-00 	 00:00:00,000 	 INFO 	Switched to task "Task B" (eip : 0xc0103749)
0000-00-00 	 00:00:00,000 	 INFO 	Switched to task "Task A" (eip : 0xc0102ff9)
0000-00-00 	 00:00:00,000 	 INFO 	Switched to task "Task B" (eip : 0xc0103749)
